<?xml version="1.0" encoding="UTF-8"?>
<!-- Generated by org.testng.reporters.JUnitXMLReporter -->
<testsuite ignored="6" hostname="LTIN261630" failures="0" tests="6" name="Test" time="81.197" errors="0" timestamp="2024-02-15T11:04:51 IST">
  <testcase classname="testCases.TC_001_HomePage" name="verifyTitle" time="1.29"/>
  <testcase classname="testCases.TC_002_UpcomingBike" name="verifyNewBike" time="9.264"/>
  <testcase classname="testCases.TC_002_UpcomingBike" name="verifyUpcomingBike" time="18.978"/>
  <testcase classname="testCases.TC_003_UsedCar" name="verifyUsedBike" time="18.035"/>
  <testcase classname="testCases.TC_004_LoginSignup" name="verifyLoginSignUpPage" time="4.286"/>
  <testcase classname="testCases.TC_004_LoginSignup" name="verifyLoginPage" time="13.808"/>
  <testcase classname="testBase.BaseClass" name="@AfterTest tearDown" time="0.0">
    <ignored/>
  </testcase> <!-- @AfterTest tearDown -->
  <testcase classname="testBase.BaseClass" name="@AfterTest tearDown" time="0.0">
    <ignored/>
  </testcase> <!-- @AfterTest tearDown -->
  <testcase classname="testBase.BaseClass" name="@BeforeTest setup" time="0.0">
    <ignored/>
  </testcase> <!-- @BeforeTest setup -->
  <testcase classname="testBase.BaseClass" name="@BeforeTest setup" time="0.0">
    <ignored/>
  </testcase> <!-- @BeforeTest setup -->
  <testcase classname="testBase.BaseClass" name="@AfterTest tearDown" time="0.0">
    <ignored/>
  </testcase> <!-- @AfterTest tearDown -->
  <testcase classname="testBase.BaseClass" name="@BeforeTest setup" time="0.0">
    <ignored/>
  </testcase> <!-- @BeforeTest setup -->
</testsuite> <!-- Test -->
